<?xml version="1.0" encoding="UTF-8"?>
<testng-results ignored="0" total="4" passed="4" failed="0" skipped="0">
  <reporter-output>
  </reporter-output>
  <suite started-at="2022-06-20T10:21:13 IST" name="Default suite" finished-at="2022-06-20T10:21:14 IST" duration-ms="1532">
    <groups>
    </groups>
    <test started-at="2022-06-20T10:21:13 IST" name="Default test" finished-at="2022-06-20T10:21:14 IST" duration-ms="1532">
      <class name="com.AllMethod.AllExecutionDetails">
        <test-method signature="VerifyGet()[pri:0, instance:com.AllMethod.AllExecutionDetails@609db43b]" started-at="2022-06-20T10:21:13 IST" name="VerifyGet" finished-at="2022-06-20T10:21:14 IST" duration-ms="1352" status="PASS">
          <reporter-output>
          </reporter-output>
        </test-method> <!-- VerifyGet -->
        <test-method signature="VerifyPost()[pri:1, instance:com.AllMethod.AllExecutionDetails@609db43b]" started-at="2022-06-20T10:21:14 IST" name="VerifyPost" finished-at="2022-06-20T10:21:14 IST" duration-ms="68" status="PASS">
          <reporter-output>
          </reporter-output>
        </test-method> <!-- VerifyPost -->
        <test-method signature="VerifyPut()[pri:2, instance:com.AllMethod.AllExecutionDetails@609db43b]" started-at="2022-06-20T10:21:14 IST" name="VerifyPut" finished-at="2022-06-20T10:21:14 IST" duration-ms="26" status="PASS">
          <reporter-output>
          </reporter-output>
        </test-method> <!-- VerifyPut -->
        <test-method signature="VerifyDelete()[pri:3, instance:com.AllMethod.AllExecutionDetails@609db43b]" started-at="2022-06-20T10:21:14 IST" name="VerifyDelete" finished-at="2022-06-20T10:21:14 IST" duration-ms="47" status="PASS">
          <reporter-output>
          </reporter-output>
        </test-method> <!-- VerifyDelete -->
      </class> <!-- com.AllMethod.AllExecutionDetails -->
    </test> <!-- Default test -->
  </suite> <!-- Default suite -->
</testng-results>
